
ROM used:   472/8192 (6%)
            472/8192 (6%) including unused fragments

            0.4 Average locations per line
            4.0 Average locations per statement

RAM used:   10/368 (3%) at main() level
            23/368 (6%) worst case

Stack used: 5 worst case (5 in main + 0 for interrupts)
Stack size: 8

Lines Stmts  %   Files
----- ----- ---  -----
   87    34  29  MenuLCD.c
  601     0   0  16F876.h
  456    84  71  lcd.c
----- -----
 1144   118 Total

Page ROM  %  RAM    Vol Diff  Functions:
---- --- --- ---    --- ----  ----------
0     21   4    1             @delay_ms1
 Inline         3    596  5.9  lcd_read_byte
0      6   1    0     59  4.2  lcd_read_nibble
0     12   3    1    179  3.3  lcd_send_nibble
0     64  14    3    460  4.7  lcd_send_byte
0     62  13    6    814  7.2  lcd_init
0     18   4    4    208  6.3  lcd_gotoxy
0     44   9    1    354  4.7  lcd_putc
0    105  22    2    627  4.7  nav
0      4   1    0             @const655
0     86  18    4             @PSTRINGC7_636
0      4   1    0             @const660
0      4   1    0             @const661
0     38   8    2    207  4.0  MAIN
 Inline         0             @cinit1

Program metrics:
    Functions               9
    Statements              118
    Comments                239
    Volume (V)              5410
    Difficulty (D)          43.4
    Effort to implement (E) 234791
    Time to implement (T)   3 hours, 37 minutes
    Est Delivered Bugs (B)  1
    Cyclomatic Complexity   16
    Maintainability (MI)    145

 Segment     Used  Free
-----------  ----  ----
00000-00003     4  0  
00004-007FF   468  1576  
00800-00FFF     0  2048  
01000-017FF     0  2048  
01800-01FFF     0  2048  



