CCS PCM C Compiler, Version 5.080, 13314               03-ene.-19 13:16

               Filename:   C:\Users\jaime\OneDrive\Escritorio\Proteus\Libro\MenuLCD\Codigo\NetBeans\NetBeans.X\build\default\production\MenuLCD.lst

               ROM used:   472 words (6%)
                           Largest free fragment is 2048
               RAM used:   10 (3%) at main() level
                           23 (6%) worst case
               Stack used: 5 locations
               Stack size: 8

*
0000:  MOVLW  01
0001:  MOVWF  0A
0002:  GOTO   1B2
0003:  NOP
.................... /* 
....................    Menú para controlar LEDs 
....................     
....................    2 pulsadores de control: 
....................       A0 = Control de los menús 
....................       A1 = Encender/Apagar LED 
....................     
....................    Autor: Jaime Martínez. 
....................    Fecha: 03/01/2019 
....................   
....................   
....................    HARDWARE: 
....................     
....................  LED D1 = C2 
....................  LED D2 = C1 
....................  LED D3 = C0 
....................   
....................  DISPLAY = Puerto B 
....................   
....................  Pulsador Cambio de Menú = A0 
....................  Pulsador Encender/Apagar Led = A1 
.................... */ 
....................  
.................... #include <16F876.h> 
.................... //////////// Standard Header file for the PIC16F876 device //////////////// 
.................... /////////////////////////////////////////////////////////////////////////// 
.................... ////        (C) Copyright 1996, 2014 Custom Computer Services          //// 
.................... //// This source code may only be used by licensed users of the CCS C  //// 
.................... //// compiler.  This source code may only be distributed to other      //// 
.................... //// licensed users of the CCS C compiler.  No other use, reproduction //// 
.................... //// or distribution is permitted without written permission.          //// 
.................... //// Derivative programs created using this software in object code    //// 
.................... //// form are not restricted in any way.                               //// 
.................... /////////////////////////////////////////////////////////////////////////// 
.................... #device PIC16F876 
0004:  DATA CC,22
0005:  DATA 44,10
0006:  DATA C4,18
0007:  DATA 00,00
0008:  DATA CC,22
0009:  DATA 44,10
000A:  DATA 44,19
000B:  DATA 00,01
000C:  DATA CC,22
000D:  DATA 44,10
000E:  DATA C4,19
000F:  DATA 00,00
*
00F3:  MOVF   0B,W
00F4:  MOVWF  25
00F5:  BCF    0B.7
00F6:  BSF    03.5
00F7:  BSF    03.6
00F8:  BSF    0C.7
00F9:  BSF    0C.0
00FA:  NOP
00FB:  NOP
00FC:  BCF    03.5
00FD:  BCF    03.6
00FE:  BTFSC  25.7
00FF:  BSF    0B.7
0100:  BSF    03.6
0101:  MOVF   0C,W
0102:  ANDLW  7F
0103:  BTFSC  03.2
0104:  GOTO   147
0105:  BCF    03.6
0106:  MOVWF  25
0107:  BSF    03.6
0108:  MOVF   0D,W
0109:  BCF    03.6
010A:  MOVWF  26
010B:  BSF    03.6
010C:  MOVF   0F,W
010D:  BCF    03.6
010E:  MOVWF  27
010F:  MOVF   25,W
0110:  MOVWF  28
0111:  CALL   0C7
0112:  MOVF   26,W
0113:  BSF    03.6
0114:  MOVWF  0D
0115:  BCF    03.6
0116:  MOVF   27,W
0117:  BSF    03.6
0118:  MOVWF  0F
0119:  BCF    03.6
011A:  MOVF   0B,W
011B:  MOVWF  28
011C:  BCF    0B.7
011D:  BSF    03.5
011E:  BSF    03.6
011F:  BSF    0C.7
0120:  BSF    0C.0
0121:  NOP
0122:  NOP
0123:  BCF    03.5
0124:  BCF    03.6
0125:  BTFSC  28.7
0126:  BSF    0B.7
0127:  BSF    03.6
0128:  RLF    0C,W
0129:  RLF    0E,W
012A:  ANDLW  7F
012B:  BTFSC  03.2
012C:  GOTO   147
012D:  BCF    03.6
012E:  MOVWF  25
012F:  BSF    03.6
0130:  MOVF   0D,W
0131:  BCF    03.6
0132:  MOVWF  26
0133:  BSF    03.6
0134:  MOVF   0F,W
0135:  BCF    03.6
0136:  MOVWF  27
0137:  MOVF   25,W
0138:  MOVWF  28
0139:  CALL   0C7
013A:  MOVF   26,W
013B:  BSF    03.6
013C:  MOVWF  0D
013D:  BCF    03.6
013E:  MOVF   27,W
013F:  BSF    03.6
0140:  MOVWF  0F
0141:  INCF   0D,F
0142:  BTFSC  03.2
0143:  INCF   0F,F
0144:  BCF    03.6
0145:  GOTO   0F3
0146:  BSF    03.6
0147:  BCF    03.6
0148:  RETURN
....................  
.................... #list 
....................  
....................  
.................... #use delay (clock = 4M) 
*
0010:  MOVLW  29
0011:  MOVWF  04
0012:  BCF    03.7
0013:  MOVF   00,W
0014:  BTFSC  03.2
0015:  GOTO   024
0016:  MOVLW  01
0017:  MOVWF  78
0018:  CLRF   77
0019:  DECFSZ 77,F
001A:  GOTO   019
001B:  DECFSZ 78,F
001C:  GOTO   018
001D:  MOVLW  4A
001E:  MOVWF  77
001F:  DECFSZ 77,F
0020:  GOTO   01F
0021:  GOTO   022
0022:  DECFSZ 00,F
0023:  GOTO   016
0024:  RETURN
....................  
.................... #fuses XT, NOWDT 
....................  
.................... #include <lcd.c> 
.................... /////////////////////////////////////////////////////////////////////////////// 
.................... ////                             LCD.C                                     //// 
.................... ////                 Driver for common LCD modules                         //// 
.................... ////                                                                       //// 
.................... ////  lcd_init()   Must be called before any other function.               //// 
.................... ////                                                                       //// 
.................... ////  lcd_putc(c)  Will display c on the next position of the LCD.         //// 
.................... ////                 \a  Set cursor position to upper left                 //// 
.................... ////                 \f  Clear display, set cursor to upper left           //// 
.................... ////                 \n  Go to start of second line                        //// 
.................... ////                 \b  Move back one position                            //// 
.................... ////              If LCD_EXTENDED_NEWLINE is defined, the \n character     //// 
.................... ////              will erase all remanining characters on the current      //// 
.................... ////              line, and move the cursor to the beginning of the next   //// 
.................... ////              line.                                                    //// 
.................... ////              If LCD_EXTENDED_NEWLINE is defined, the \r character     //// 
.................... ////              will move the cursor to the start of the current         //// 
.................... ////              line.                                                    //// 
.................... ////                                                                       //// 
.................... ////  lcd_gotoxy(x,y) Set write position on LCD (upper left is 1,1)        //// 
.................... ////                                                                       //// 
.................... ////  lcd_getc(x,y)   Returns character at position x,y on LCD             //// 
.................... ////                                                                       //// 
.................... ////  lcd_cursor_on(int1 on)   Turn the cursor on (on=TRUE) or off         //// 
.................... ////              (on=FALSE).                                              //// 
.................... ////                                                                       //// 
.................... ////  lcd_set_cgram_char(w, *p)   Write a custom character to the CGRAM.   //// 
.................... ////                                                                       //// 
.................... ////                                                                       //// 
.................... ////  CONFIGURATION                                                        //// 
.................... ////  The LCD can be configured in one of two ways: a.) port access or     //// 
.................... ////  b.) pin access.  Port access requires the entire 7 bit interface     //// 
.................... ////  connected to one GPIO port, and the data bits (D4:D7 of the LCD)     //// 
.................... ////  connected to sequential pins on the GPIO.  Pin access                //// 
.................... ////  has no requirements, all 7 bits of the control interface can         //// 
.................... ////  can be connected to any GPIO using several ports.                    //// 
.................... ////                                                                       //// 
.................... ////  To use port access, #define LCD_DATA_PORT to the SFR location of     //// 
.................... ////  of the GPIO port that holds the interface, -AND- edit LCD_PIN_MAP    //// 
.................... ////  of this file to configure the pin order.  If you are using a         //// 
.................... ////  baseline PIC (PCB), then LCD_OUTPUT_MAP and LCD_INPUT_MAP also must  //// 
.................... ////  be defined.                                                          //// 
.................... ////                                                                       //// 
.................... ////  Example of port access:                                              //// 
.................... ////     #define LCD_DATA_PORT getenv("SFR:PORTD")                         //// 
.................... ////                                                                       //// 
.................... ////  To use pin access, the following pins must be defined:               //// 
.................... ////     LCD_ENABLE_PIN                                                    //// 
.................... ////     LCD_RS_PIN                                                        //// 
.................... ////     LCD_RW_PIN                                                        //// 
.................... ////     LCD_DATA4                                                         //// 
.................... ////     LCD_DATA5                                                         //// 
.................... ////     LCD_DATA6                                                         //// 
.................... ////     LCD_DATA7                                                         //// 
.................... ////                                                                       //// 
.................... ////  Example of pin access:                                               //// 
.................... ////     #define LCD_ENABLE_PIN  PIN_E0                                    //// 
.................... ////     #define LCD_RS_PIN      PIN_E1                                    //// 
.................... ////     #define LCD_RW_PIN      PIN_E2                                    //// 
.................... ////     #define LCD_DATA4       PIN_D4                                    //// 
.................... ////     #define LCD_DATA5       PIN_D5                                    //// 
.................... ////     #define LCD_DATA6       PIN_D6                                    //// 
.................... ////     #define LCD_DATA7       PIN_D7                                    //// 
.................... ////                                                                       //// 
.................... /////////////////////////////////////////////////////////////////////////////// 
.................... ////        (C) Copyright 1996,2010 Custom Computer Services           //// 
.................... //// This source code may only be used by licensed users of the CCS C  //// 
.................... //// compiler.  This source code may only be distributed to other      //// 
.................... //// licensed users of the CCS C compiler.  No other use, reproduction //// 
.................... //// or distribution is permitted without written permission.          //// 
.................... //// Derivative programs created using this software in object code    //// 
.................... //// form are not restricted in any way.                               //// 
.................... /////////////////////////////////////////////////////////////////////////// 
....................  
.................... #ifndef __LCD_C__ 
.................... #define __LCD_C__ 
....................  
.................... // define the pinout. 
.................... // only required if port access is being used. 
.................... typedef struct   
.................... {                            // This structure is overlayed 
....................    int1 enable;           // on to an I/O port to gain 
....................    int1 rs;               // access to the LCD pins. 
....................    int1 rw;               // The bits are allocated from 
....................    int1 unused;           // low order up.  ENABLE will 
....................    unsigned int     data : 4;         // be LSB pin of that port. 
....................   #if defined(__PCD__)       // The port used will be LCD_DATA_PORT. 
....................    unsigned int    reserved: 8; 
....................   #endif 
.................... } LCD_PIN_MAP; 
....................  
.................... // this is to improve compatability with previous LCD drivers that accepted 
.................... // a define labeled 'use_portb_lcd' that configured the LCD onto port B. 
.................... #if ((defined(use_portb_lcd)) && (use_portb_lcd==TRUE)) 
....................  #define LCD_DATA_PORT getenv("SFR:PORTB") 
.................... #endif 
....................  
.................... #if defined(__PCB__) 
....................    // these definitions only need to be modified for baseline PICs. 
....................    // all other PICs use LCD_PIN_MAP or individual LCD_xxx pin definitions. 
.................... /*                                    EN, RS,   RW,   UNUSED,  DATA  */ 
....................  const LCD_PIN_MAP LCD_OUTPUT_MAP =  {0,  0,    0,    0,       0}; 
....................  const LCD_PIN_MAP LCD_INPUT_MAP =   {0,  0,    0,    0,       0xF}; 
.................... #endif 
....................  
.................... ////////////////////// END CONFIGURATION /////////////////////////////////// 
....................  
.................... #ifndef LCD_ENABLE_PIN 
....................    #define lcd_output_enable(x) lcdlat.enable=x 
....................    #define lcd_enable_tris()   lcdtris.enable=0 
.................... #else 
....................    #define lcd_output_enable(x) output_bit(LCD_ENABLE_PIN, x) 
....................    #define lcd_enable_tris()  output_drive(LCD_ENABLE_PIN) 
.................... #endif 
....................  
.................... #ifndef LCD_RS_PIN 
....................    #define lcd_output_rs(x) lcdlat.rs=x 
....................    #define lcd_rs_tris()   lcdtris.rs=0 
.................... #else 
....................    #define lcd_output_rs(x) output_bit(LCD_RS_PIN, x) 
....................    #define lcd_rs_tris()  output_drive(LCD_RS_PIN) 
.................... #endif 
....................  
.................... #ifndef LCD_RW_PIN 
....................    #define lcd_output_rw(x) lcdlat.rw=x 
....................    #define lcd_rw_tris()   lcdtris.rw=0 
.................... #else 
....................    #define lcd_output_rw(x) output_bit(LCD_RW_PIN, x) 
....................    #define lcd_rw_tris()  output_drive(LCD_RW_PIN) 
.................... #endif 
....................  
.................... // original version of this library incorrectly labeled LCD_DATA0 as LCD_DATA4, 
.................... // LCD_DATA1 as LCD_DATA5, and so on.  this block of code makes the driver 
.................... // compatible with any code written for the original library 
.................... #if (defined(LCD_DATA0) && defined(LCD_DATA1) && defined(LCD_DATA2) && defined(LCD_DATA3) && !defined(LCD_DATA4) && !defined(LCD_DATA5) && !defined(LCD_DATA6) && !defined(LCD_DATA7)) 
....................    #define  LCD_DATA4    LCD_DATA0 
....................    #define  LCD_DATA5    LCD_DATA1 
....................    #define  LCD_DATA6    LCD_DATA2 
....................    #define  LCD_DATA7    LCD_DATA3 
.................... #endif 
....................  
.................... #ifndef LCD_DATA4 
.................... #ifndef LCD_DATA_PORT 
....................    #if defined(__PCB__) 
....................       #define LCD_DATA_PORT      0x06     //portb 
....................       #define set_tris_lcd(x)   set_tris_b(x) 
....................    #else 
....................      #if defined(PIN_D0) 
....................       #define LCD_DATA_PORT      getenv("SFR:PORTD")     //portd 
....................      #else 
....................       #define LCD_DATA_PORT      getenv("SFR:PORTB")     //portb 
....................      #endif 
....................    #endif    
.................... #endif 
....................  
.................... #if defined(__PCB__) 
....................    LCD_PIN_MAP lcd, lcdlat; 
....................    #byte lcd = LCD_DATA_PORT 
....................    #byte lcdlat = LCD_DATA_PORT 
.................... #elif defined(__PCM__) 
....................    LCD_PIN_MAP lcd, lcdlat, lcdtris; 
....................    #byte lcd = LCD_DATA_PORT 
....................    #byte lcdlat = LCD_DATA_PORT 
....................    #byte lcdtris = LCD_DATA_PORT+0x80 
.................... #elif defined(__PCH__) 
....................    LCD_PIN_MAP lcd, lcdlat, lcdtris; 
....................    #byte lcd = LCD_DATA_PORT 
....................    #byte lcdlat = LCD_DATA_PORT+9 
....................    #byte lcdtris = LCD_DATA_PORT+0x12 
.................... #elif defined(__PCD__) 
....................    LCD_PIN_MAP lcd, lcdlat, lcdtris; 
....................    #word lcd = LCD_DATA_PORT 
....................    #word lcdlat = LCD_DATA_PORT+2 
....................    #word lcdtris = LCD_DATA_PORT-0x02 
.................... #endif 
.................... #endif   //LCD_DATA4 not defined 
....................  
.................... #ifndef LCD_TYPE 
....................    #define LCD_TYPE 2           // 0=5x7, 1=5x10, 2=2 lines 
.................... #endif 
....................  
.................... #ifndef LCD_LINE_TWO 
....................    #define LCD_LINE_TWO 0x40    // LCD RAM address for the second line 
.................... #endif 
....................  
.................... #ifndef LCD_LINE_LENGTH 
....................    #define LCD_LINE_LENGTH 20 
.................... #endif 
....................  
.................... unsigned int8 lcd_read_nibble(void); 
....................  
.................... unsigned int8 lcd_read_byte(void) 
.................... { 
....................    unsigned int8 low,high; 
....................  
....................  #if defined(__PCB__) 
....................    set_tris_lcd(LCD_INPUT_MAP); 
....................  #else 
....................   #if (defined(LCD_DATA4) && defined(LCD_DATA5) && defined(LCD_DATA6) && defined(LCD_DATA7)) 
....................    output_float(LCD_DATA4); 
....................    output_float(LCD_DATA5); 
....................    output_float(LCD_DATA6); 
....................    output_float(LCD_DATA7); 
....................   #else 
....................    lcdtris.data = 0xF; 
*
003D:  MOVLW  0F
003E:  BSF    03.5
003F:  ANDWF  06,W
0040:  IORLW  F0
0041:  MOVWF  06
....................   #endif 
....................  #endif 
....................          
....................    lcd_output_rw(1); 
0042:  BCF    03.5
0043:  BSF    06.2
....................    delay_cycles(1); 
0044:  NOP
....................    lcd_output_enable(1); 
0045:  BSF    06.0
....................    delay_cycles(1); 
0046:  NOP
....................    high = lcd_read_nibble(); 
0047:  CALL   031
0048:  MOVF   78,W
0049:  MOVWF  30
....................        
....................    lcd_output_enable(0); 
004A:  BCF    06.0
....................    delay_cycles(1); 
004B:  NOP
....................    lcd_output_enable(1); 
004C:  BSF    06.0
....................    delay_us(1); 
004D:  NOP
....................    low = lcd_read_nibble(); 
004E:  CALL   031
004F:  MOVF   78,W
0050:  MOVWF  2F
....................        
....................    lcd_output_enable(0); 
0051:  BCF    06.0
....................  
....................  #if defined(__PCB__) 
....................    set_tris_lcd(LCD_OUTPUT_MAP); 
....................  #else 
....................   #if (defined(LCD_DATA4) && defined(LCD_DATA5) && defined(LCD_DATA6) && defined(LCD_DATA7)) 
....................    output_drive(LCD_DATA4); 
....................    output_drive(LCD_DATA5); 
....................    output_drive(LCD_DATA6); 
....................    output_drive(LCD_DATA7); 
....................   #else 
....................    lcdtris.data = 0x0; 
0052:  MOVLW  0F
0053:  BSF    03.5
0054:  ANDWF  06,W
0055:  MOVWF  06
....................   #endif 
....................  #endif 
....................  
....................    return( (high<<4) | low); 
0056:  BCF    03.5
0057:  SWAPF  30,W
0058:  MOVWF  77
0059:  MOVLW  F0
005A:  ANDWF  77,F
005B:  MOVF   77,W
005C:  IORWF  2F,W
005D:  MOVWF  78
.................... } 
....................  
.................... unsigned int8 lcd_read_nibble(void) 
.................... { 
....................   #if (defined(LCD_DATA4) && defined(LCD_DATA5) && defined(LCD_DATA6) && defined(LCD_DATA7)) 
....................    unsigned int8 n = 0x00; 
....................  
....................    /* Read the data port */ 
....................    n |= input(LCD_DATA4); 
....................    n |= input(LCD_DATA5) << 1; 
....................    n |= input(LCD_DATA6) << 2; 
....................    n |= input(LCD_DATA7) << 3; 
....................     
....................    return(n); 
....................   #else 
....................    return(lcd.data); 
*
0031:  MOVF   06,W
0032:  MOVWF  77
0033:  SWAPF  06,W
0034:  ANDLW  0F
0035:  MOVWF  78
....................   #endif 
0036:  RETURN
.................... } 
....................  
.................... void lcd_send_nibble(unsigned int8 n) 
.................... { 
....................   #if (defined(LCD_DATA4) && defined(LCD_DATA5) && defined(LCD_DATA6) && defined(LCD_DATA7)) 
....................    /* Write to the data port */ 
....................    output_bit(LCD_DATA4, bit_test(n, 0)); 
....................    output_bit(LCD_DATA5, bit_test(n, 1)); 
....................    output_bit(LCD_DATA6, bit_test(n, 2)); 
....................    output_bit(LCD_DATA7, bit_test(n, 3)); 
....................   #else       
....................    lcdlat.data = n; 
*
0025:  SWAPF  30,W
0026:  ANDLW  F0
0027:  MOVWF  77
0028:  MOVLW  0F
0029:  ANDWF  06,W
002A:  IORWF  77,W
002B:  MOVWF  06
....................   #endif 
....................        
....................    delay_cycles(1); 
002C:  NOP
....................    lcd_output_enable(1); 
002D:  BSF    06.0
....................    delay_us(2); 
002E:  GOTO   02F
....................    lcd_output_enable(0); 
002F:  BCF    06.0
0030:  RETURN
.................... } 
....................  
.................... void lcd_send_byte(unsigned int8 address, unsigned int8 n) 
.................... { 
....................   #if defined(__PCB__) 
....................    set_tris_lcd(LCD_OUTPUT_MAP); 
....................   #else 
....................    lcd_enable_tris(); 
*
0037:  BSF    03.5
0038:  BCF    06.0
....................    lcd_rs_tris(); 
0039:  BCF    06.1
....................    lcd_rw_tris(); 
003A:  BCF    06.2
....................   #endif 
....................  
....................    lcd_output_rs(0); 
003B:  BCF    03.5
003C:  BCF    06.1
....................    while ( bit_test(lcd_read_byte(),7) ) ; 
*
005E:  MOVF   78,W
005F:  MOVWF  2F
0060:  BTFSC  2F.7
0061:  GOTO   03D
....................    lcd_output_rs(address); 
0062:  BTFSS  2D.0
0063:  BCF    06.1
0064:  BTFSC  2D.0
0065:  BSF    06.1
....................    delay_cycles(1); 
0066:  NOP
....................    lcd_output_rw(0); 
0067:  BCF    06.2
....................    delay_cycles(1); 
0068:  NOP
....................    lcd_output_enable(0); 
0069:  BCF    06.0
....................    lcd_send_nibble(n >> 4); 
006A:  SWAPF  2E,W
006B:  MOVWF  2F
006C:  MOVLW  0F
006D:  ANDWF  2F,F
006E:  MOVF   2F,W
006F:  MOVWF  30
0070:  CALL   025
....................    lcd_send_nibble(n & 0xf); 
0071:  MOVF   2E,W
0072:  ANDLW  0F
0073:  MOVWF  2F
0074:  MOVWF  30
0075:  CALL   025
0076:  RETURN
.................... } 
....................  
.................... #if defined(LCD_EXTENDED_NEWLINE) 
.................... unsigned int8 g_LcdX, g_LcdY; 
.................... #endif 
....................  
.................... void lcd_init(void)  
.................... { 
....................    unsigned int8 i; 
....................    unsigned int8 LCD_INIT_STRING[4] = {0x20 | (LCD_TYPE << 2), 0xc, 1, 6}; 
0077:  MOVLW  28
0078:  MOVWF  25
0079:  MOVLW  0C
007A:  MOVWF  26
007B:  MOVLW  01
007C:  MOVWF  27
007D:  MOVLW  06
007E:  MOVWF  28
....................                              // These bytes need to be sent to the LCD 
....................                              // to start it up. 
....................     
....................  
....................    lcd_output_enable(0); 
007F:  BCF    06.0
....................    lcd_output_rs(0); 
0080:  BCF    06.1
....................    lcd_output_rw(0); 
0081:  BCF    06.2
....................  
....................  #if defined(__PCB__) 
....................    set_tris_lcd(LCD_OUTPUT_MAP); 
....................  #else 
....................   #if (defined(LCD_DATA4) && defined(LCD_DATA5) && defined(LCD_DATA6) && defined(LCD_DATA7)) 
....................    output_drive(LCD_DATA4); 
....................    output_drive(LCD_DATA5); 
....................    output_drive(LCD_DATA6); 
....................    output_drive(LCD_DATA7); 
....................   #else 
....................    lcdtris.data = 0x0; 
0082:  MOVLW  0F
0083:  BSF    03.5
0084:  ANDWF  06,W
0085:  MOVWF  06
....................   #endif 
....................    lcd_enable_tris(); 
0086:  BCF    06.0
....................    lcd_rs_tris(); 
0087:  BCF    06.1
....................    lcd_rw_tris(); 
0088:  BCF    06.2
....................  #endif 
....................      
....................    delay_ms(15); 
0089:  MOVLW  0F
008A:  BCF    03.5
008B:  MOVWF  29
008C:  CALL   010
....................    for(i=1;i<=3;++i) 
008D:  MOVLW  01
008E:  MOVWF  24
008F:  MOVF   24,W
0090:  SUBLW  03
0091:  BTFSS  03.0
0092:  GOTO   09B
....................    { 
....................        lcd_send_nibble(3); 
0093:  MOVLW  03
0094:  MOVWF  30
0095:  CALL   025
....................        delay_ms(5); 
0096:  MOVLW  05
0097:  MOVWF  29
0098:  CALL   010
0099:  INCF   24,F
009A:  GOTO   08F
....................    } 
....................     
....................    lcd_send_nibble(2); 
009B:  MOVLW  02
009C:  MOVWF  30
009D:  CALL   025
....................    delay_ms(5); 
009E:  MOVLW  05
009F:  MOVWF  29
00A0:  CALL   010
....................    for(i=0;i<=3;++i) 
00A1:  CLRF   24
00A2:  MOVF   24,W
00A3:  SUBLW  03
00A4:  BTFSS  03.0
00A5:  GOTO   0B2
....................       lcd_send_byte(0,LCD_INIT_STRING[i]); 
00A6:  MOVLW  25
00A7:  ADDWF  24,W
00A8:  MOVWF  04
00A9:  BCF    03.7
00AA:  MOVF   00,W
00AB:  MOVWF  29
00AC:  CLRF   2D
00AD:  MOVF   29,W
00AE:  MOVWF  2E
00AF:  CALL   037
....................  
....................   #if defined(LCD_EXTENDED_NEWLINE) 
00B0:  INCF   24,F
00B1:  GOTO   0A2
00B2:  BCF    0A.3
00B3:  BCF    0A.4
00B4:  GOTO   1C1 (RETURN)
....................    g_LcdX = 0; 
....................    g_LcdY = 0; 
....................   #endif 
.................... } 
....................  
.................... void lcd_gotoxy(unsigned int8 x, unsigned int8 y) 
.................... { 
....................    unsigned int8 address; 
....................     
....................    if(y!=1) 
00B5:  DECFSZ 2A,W
00B6:  GOTO   0B8
00B7:  GOTO   0BB
....................       address=LCD_LINE_TWO; 
00B8:  MOVLW  40
00B9:  MOVWF  2B
00BA:  GOTO   0BC
....................    else 
....................       address=0; 
00BB:  CLRF   2B
....................       
....................    address+=x-1; 
00BC:  MOVLW  01
00BD:  SUBWF  29,W
00BE:  ADDWF  2B,F
....................    lcd_send_byte(0,0x80|address); 
00BF:  MOVF   2B,W
00C0:  IORLW  80
00C1:  MOVWF  2C
00C2:  CLRF   2D
00C3:  MOVF   2C,W
00C4:  MOVWF  2E
00C5:  CALL   037
....................  
....................   #if defined(LCD_EXTENDED_NEWLINE) 
00C6:  RETURN
....................    g_LcdX = x - 1; 
....................    g_LcdY = y - 1; 
....................   #endif 
.................... } 
....................  
.................... void lcd_putc(char c) 
.................... { 
....................    switch (c) 
00C7:  MOVF   28,W
00C8:  XORLW  07
00C9:  BTFSC  03.2
00CA:  GOTO   0D5
00CB:  XORLW  0B
00CC:  BTFSC  03.2
00CD:  GOTO   0DA
00CE:  XORLW  06
00CF:  BTFSC  03.2
00D0:  GOTO   0E2
00D1:  XORLW  02
00D2:  BTFSC  03.2
00D3:  GOTO   0E8
00D4:  GOTO   0ED
....................    { 
....................       case '\a'   :  lcd_gotoxy(1,1);     break; 
00D5:  MOVLW  01
00D6:  MOVWF  29
00D7:  MOVWF  2A
00D8:  CALL   0B5
00D9:  GOTO   0F2
....................  
....................       case '\f'   :  lcd_send_byte(0,1); 
00DA:  CLRF   2D
00DB:  MOVLW  01
00DC:  MOVWF  2E
00DD:  CALL   037
....................                      delay_ms(2); 
00DE:  MOVLW  02
00DF:  MOVWF  29
00E0:  CALL   010
....................                     #if defined(LCD_EXTENDED_NEWLINE) 
....................                      g_LcdX = 0; 
....................                      g_LcdY = 0; 
....................                     #endif 
....................                      break; 
00E1:  GOTO   0F2
....................  
....................      #if defined(LCD_EXTENDED_NEWLINE) 
....................       case '\r'   :  lcd_gotoxy(1, g_LcdY+1);   break; 
....................       case '\n'   : 
....................          while (g_LcdX++ < LCD_LINE_LENGTH) 
....................          { 
....................             lcd_send_byte(1, ' '); 
....................          } 
....................          lcd_gotoxy(1, g_LcdY+2); 
....................          break; 
....................      #else 
....................       case '\n'   : lcd_gotoxy(1,2);        break; 
00E2:  MOVLW  01
00E3:  MOVWF  29
00E4:  MOVLW  02
00E5:  MOVWF  2A
00E6:  CALL   0B5
00E7:  GOTO   0F2
....................      #endif 
....................       
....................       case '\b'   : lcd_send_byte(0,0x10);  break; 
00E8:  CLRF   2D
00E9:  MOVLW  10
00EA:  MOVWF  2E
00EB:  CALL   037
00EC:  GOTO   0F2
....................       
....................      #if defined(LCD_EXTENDED_NEWLINE) 
....................       default     :  
....................          if (g_LcdX < LCD_LINE_LENGTH) 
....................          { 
....................             lcd_send_byte(1, c); 
....................             g_LcdX++; 
....................          } 
....................          break; 
....................      #else 
....................       default     : lcd_send_byte(1,c);     break; 
00ED:  MOVLW  01
00EE:  MOVWF  2D
00EF:  MOVF   28,W
00F0:  MOVWF  2E
00F1:  CALL   037
....................      #endif 
....................    } 
00F2:  RETURN
.................... } 
....................   
.................... char lcd_getc(unsigned int8 x, unsigned int8 y) 
.................... { 
....................    char value; 
....................  
....................    lcd_gotoxy(x,y); 
....................    while ( bit_test(lcd_read_byte(),7) ); // wait until busy flag is low 
....................    lcd_output_rs(1); 
....................    value = lcd_read_byte(); 
....................    lcd_output_rs(0); 
....................     
....................    return(value); 
.................... } 
....................  
.................... // write a custom character to the ram 
.................... // which is 0-7 and specifies which character array we are modifying. 
.................... // ptr points to an array of 8 bytes, where each byte is the next row of 
.................... //    pixels.  only bits 0-4 are used.  the last row is the cursor row, and 
.................... //    usually you will want to leave this byte 0x00. 
.................... void lcd_set_cgram_char(unsigned int8 which, unsigned int8 *ptr) 
.................... { 
....................    unsigned int i; 
....................  
....................    which <<= 3; 
....................    which &= 0x38; 
....................  
....................    lcd_send_byte(0, 0x40 | which);  //set cgram address 
....................  
....................    for(i=0; i<8; i++) 
....................    { 
....................       lcd_send_byte(1, *ptr++); 
....................    } 
....................    
....................    #if defined(LCD_EXTENDED_NEWLINE) 
....................     lcd_gotoxy(g_LcdX+1, g_LcdY+1);  //set ddram address 
....................    #endif 
.................... } 
....................  
.................... void lcd_cursor_on(int1 on) 
.................... { 
....................    if (on) 
....................    { 
....................       lcd_send_byte(0,0x0F);           //turn LCD cursor ON 
....................    } 
....................    else 
....................    { 
....................       lcd_send_byte(0,0x0C);           //turn LCD cursor OFF 
....................    } 
.................... } 
....................  
.................... #endif 
....................  
....................  
.................... #use standard_io(A) 
.................... #use standard_io(C) 
....................  
.................... enum menu {LED_D1, LED_D2, LED_D3}; //LED_D1 = 0, LED_D2 = 1, LED_D3 = 2 
....................  
.................... void nav(int m) 
.................... { 
....................    switch (m) 
*
0149:  MOVF   24,W
014A:  XORLW  00
014B:  BTFSC  03.2
014C:  GOTO   154
014D:  XORLW  01
014E:  BTFSC  03.2
014F:  GOTO   173
0150:  XORLW  03
0151:  BTFSC  03.2
0152:  GOTO   191
0153:  GOTO   1AF
....................    { 
....................       case LED_D1: 
....................          lcd_gotoxy(1,1); 
0154:  MOVLW  01
0155:  MOVWF  29
0156:  MOVWF  2A
0157:  CALL   0B5
....................          printf(lcd_putc, "LED D1"); 
0158:  MOVLW  04
0159:  BSF    03.6
015A:  MOVWF  0D
015B:  MOVLW  00
015C:  MOVWF  0F
015D:  BCF    03.6
015E:  CALL   0F3
....................          if (input(PIN_A1)==1) 
015F:  BSF    03.5
0160:  BSF    05.1
0161:  BCF    03.5
0162:  BTFSS  05.1
0163:  GOTO   172
....................          { 
....................             output_toggle (PIN_C2); 
0164:  BCF    20.2
0165:  MOVF   20,W
0166:  BSF    03.5
0167:  MOVWF  07
0168:  MOVLW  04
0169:  BCF    03.5
016A:  XORWF  07,F
....................             delay_ms(300); 
016B:  MOVLW  02
016C:  MOVWF  25
016D:  MOVLW  96
016E:  MOVWF  29
016F:  CALL   010
0170:  DECFSZ 25,F
0171:  GOTO   16D
....................          } 
....................          break; 
0172:  GOTO   1AF
....................           
....................       case LED_D2: 
....................          lcd_gotoxy(1,1); 
0173:  MOVLW  01
0174:  MOVWF  29
0175:  MOVWF  2A
0176:  CALL   0B5
....................          printf(lcd_putc, "LED D2"); 
0177:  MOVLW  08
0178:  BSF    03.6
0179:  MOVWF  0D
017A:  MOVLW  00
017B:  MOVWF  0F
017C:  BCF    03.6
017D:  CALL   0F3
....................          if (input(PIN_A1) == 1) 
017E:  BSF    03.5
017F:  BSF    05.1
0180:  BCF    03.5
0181:  BTFSS  05.1
0182:  GOTO   190
....................          { 
....................             output_toggle (PIN_C1); 
0183:  BCF    20.1
0184:  MOVF   20,W
0185:  BSF    03.5
0186:  MOVWF  07
0187:  MOVLW  02
0188:  BCF    03.5
0189:  XORWF  07,F
....................             delay_ms(300); 
018A:  MOVWF  25
018B:  MOVLW  96
018C:  MOVWF  29
018D:  CALL   010
018E:  DECFSZ 25,F
018F:  GOTO   18B
....................          } 
....................          break; 
0190:  GOTO   1AF
....................        
....................       case LED_D3: 
....................          lcd_gotoxy(1,1); 
0191:  MOVLW  01
0192:  MOVWF  29
0193:  MOVWF  2A
0194:  CALL   0B5
....................          printf(lcd_putc, "LED D3"); 
0195:  MOVLW  0C
0196:  BSF    03.6
0197:  MOVWF  0D
0198:  MOVLW  00
0199:  MOVWF  0F
019A:  BCF    03.6
019B:  CALL   0F3
....................          if (input(PIN_A1) == 1) 
019C:  BSF    03.5
019D:  BSF    05.1
019E:  BCF    03.5
019F:  BTFSS  05.1
01A0:  GOTO   1AF
....................          { 
....................             output_toggle (PIN_C0); 
01A1:  BCF    20.0
01A2:  MOVF   20,W
01A3:  BSF    03.5
01A4:  MOVWF  07
01A5:  MOVLW  01
01A6:  BCF    03.5
01A7:  XORWF  07,F
....................             delay_ms(300); 
01A8:  MOVLW  02
01A9:  MOVWF  25
01AA:  MOVLW  96
01AB:  MOVWF  29
01AC:  CALL   010
01AD:  DECFSZ 25,F
01AE:  GOTO   1AA
....................          } 
....................          break;         
....................    } 
01AF:  BCF    0A.3
01B0:  BCF    0A.4
01B1:  GOTO   1D6 (RETURN)
.................... } 
....................  
.................... void main () 
01B2:  MOVF   03,W
01B3:  ANDLW  1F
01B4:  MOVWF  03
01B5:  MOVLW  FF
01B6:  MOVWF  20
01B7:  CLRF   22
01B8:  CLRF   21
01B9:  BSF    03.5
01BA:  BSF    1F.0
01BB:  BSF    1F.1
01BC:  BSF    1F.2
01BD:  BCF    1F.3
01BE:  BCF    03.7
.................... { 
....................    lcd_init(); 
01BF:  BCF    03.5
01C0:  GOTO   077
....................  
....................    int m = 0; 
01C1:  CLRF   23
....................     
....................    while(1) 
....................    { 
....................       if (input(PIN_A0) == 1) 
01C2:  BSF    03.5
01C3:  BSF    05.0
01C4:  BCF    03.5
01C5:  BTFSS  05.0
01C6:  GOTO   1CF
....................       { 
....................          m++; 
01C7:  INCF   23,F
....................          delay_ms(300); 
01C8:  MOVLW  02
01C9:  MOVWF  24
01CA:  MOVLW  96
01CB:  MOVWF  29
01CC:  CALL   010
01CD:  DECFSZ 24,F
01CE:  GOTO   1CA
....................       } 
....................        
....................       if(m > 2) 
01CF:  MOVF   23,W
01D0:  SUBLW  02
01D1:  BTFSS  03.0
....................       { 
....................          m = 0; 
01D2:  CLRF   23
....................       } 
....................        
....................       nav(m); 
01D3:  MOVF   23,W
01D4:  MOVWF  24
01D5:  GOTO   149
01D6:  GOTO   1C2
....................        
....................    } 
.................... } 
....................  
01D7:  SLEEP
....................  
....................  

Configuration Fuses:
   Word  1: 3F71   XT NOWDT PUT BROWNOUT NOLVP NOCPD NOWRT NODEBUG NOPROTECT
